Build started 04/12/2013 19:22:25.
Project "C:\Users\SZ\Documents\Visual Studio 2012\Projects\SimCity_20131202\SimCity\first example\first example.vcxproj" on node 2 (Build target(s)).
ClCompile:
  C:\Program Files (x86)\Microsoft Visual Studio 11.0\VC\bin\CL.exe /c /ZI /nologo /W3 /WX- /MP /Od /Oy- /D WIN32 /D _DEBUG /D _CONSOLE /D _UNICODE /D UNICODE /Gm /EHsc /RTC1 /MDd /GS /fp:precise /Zc:wchar_t /Zc:forScope /Fo"Debug\\" /Fd"Debug\vc110.pdb" /Gd /TP /analyze- /errorReport:prompt MenuButtonCity.cpp
  MenuButtonCity.cpp
c:\users\sz\documents\visual studio 2012\projects\simcity_20131202\simcity\first example\menubutton.h(34): warning C4996: 'strcpy': This function or variable may be unsafe. Consider using strcpy_s instead. To disable deprecation, use _CRT_SECURE_NO_WARNINGS. See online help for details.
          c:\program files (x86)\microsoft visual studio 11.0\vc\include\string.h(110) : see declaration of 'strcpy'
c:\users\sz\documents\visual studio 2012\projects\simcity_20131202\simcity\first example\menubuttoncity.h(86): warning C4305: 'argument' : truncation from 'double' to 'GLfloat'
c:\users\sz\documents\visual studio 2012\projects\simcity_20131202\simcity\first example\menubuttoncity.cpp(119): warning C4018: '<' : signed/unsigned mismatch
Link:
  C:\Program Files (x86)\Microsoft Visual Studio 11.0\VC\bin\link.exe /ERRORREPORT:PROMPT /OUT:"C:\Users\SZ\Documents\Visual Studio 2012\Projects\SimCity_20131202\SimCity\Debug\july.exe" /INCREMENTAL /NOLOGO kernel32.lib user32.lib gdi32.lib winspool.lib comdlg32.lib advapi32.lib shell32.lib ole32.lib oleaut32.lib uuid.lib odbc32.lib odbccp32.lib kernel32.lib user32.lib gdi32.lib winspool.lib comdlg32.lib advapi32.lib shell32.lib ole32.lib oleaut32.lib uuid.lib odbc32.lib odbccp32.lib opengl32.lib glu32.lib glut.lib /MANIFEST /MANIFESTUAC:"level='asInvoker' uiAccess='false'" /manifest:embed /DEBUG /PDB:"C:\Users\SZ\Documents\Visual Studio 2012\Projects\SimCity_20131202\SimCity\Debug\july.pdb" /SUBSYSTEM:CONSOLE /STACK:"8000000" /TLBID:1 /DYNAMICBASE /NXCOMPAT /IMPLIB:"C:\Users\SZ\Documents\Visual Studio 2012\Projects\SimCity_20131202\SimCity\Debug\july.lib" /MACHINE:X86 Debug\Field.obj
  Debug\FieldObject.obj
  Debug\House.obj
  Debug\MenuButtonCity.obj
  Debug\MenuButtonHouse.obj
  Debug\MenuButtonSetCamera.obj
  Debug\Plane.obj
  Debug\Vehicle.obj
  Debug\_first.obj
  Debug\first_old.obj
  Debug\Hill.obj
  Debug\Menu.obj
  Debug\MenuButton.obj
  Debug\MenuButtonHill.obj
  Debug\MenuButtonRoad.obj
  Debug\MenuButtonTree.obj
  Debug\MenuButtonValley.obj
  Debug\Point.obj
  Debug\Road.obj
  Debug\SimCity.obj
  Debug\Tree.obj
  Debug\Valley.obj
  Debug\_first2.obj
  Debug\__first_of_oop.obj
  first example.vcxproj -> C:\Users\SZ\Documents\Visual Studio 2012\Projects\SimCity_20131202\SimCity\Debug\july.exe
Done Building Project "C:\Users\SZ\Documents\Visual Studio 2012\Projects\SimCity_20131202\SimCity\first example\first example.vcxproj" (Build target(s)).

Build succeeded.

Time Elapsed 00:00:02.97
