C:\USERS\SZ\DOCUMENTS\VISUAL STUDIO 2012\PROJECTS\GRAPHICS-TAR1_20130731\GRAPHICS-TAR1\FIRST EXAMPLE\DEBUG\FIELD.OBJ
C:\USERS\SZ\DOCUMENTS\VISUAL STUDIO 2012\PROJECTS\GRAPHICS-TAR1_20130731\GRAPHICS-TAR1\FIRST EXAMPLE\DEBUG\FIELDOBJECT.OBJ
C:\USERS\SZ\DOCUMENTS\VISUAL STUDIO 2012\PROJECTS\GRAPHICS-TAR1_20130731\GRAPHICS-TAR1\FIRST EXAMPLE\DEBUG\FIRST.OBJ
C:\USERS\SZ\DOCUMENTS\VISUAL STUDIO 2012\PROJECTS\GRAPHICS-TAR1_20130731\GRAPHICS-TAR1\FIRST EXAMPLE\DEBUG\HILL.OBJ
C:\USERS\SZ\DOCUMENTS\VISUAL STUDIO 2012\PROJECTS\GRAPHICS-TAR1_20130731\GRAPHICS-TAR1\FIRST EXAMPLE\DEBUG\MENU.OBJ
C:\USERS\SZ\DOCUMENTS\VISUAL STUDIO 2012\PROJECTS\GRAPHICS-TAR1_20130731\GRAPHICS-TAR1\FIRST EXAMPLE\DEBUG\MENUBUTTON.OBJ
C:\USERS\SZ\DOCUMENTS\VISUAL STUDIO 2012\PROJECTS\GRAPHICS-TAR1_20130731\GRAPHICS-TAR1\FIRST EXAMPLE\DEBUG\MENUBUTTONHILL.OBJ
C:\USERS\SZ\DOCUMENTS\VISUAL STUDIO 2012\PROJECTS\GRAPHICS-TAR1_20130731\GRAPHICS-TAR1\FIRST EXAMPLE\DEBUG\MENUBUTTONROAD.OBJ
C:\USERS\SZ\DOCUMENTS\VISUAL STUDIO 2012\PROJECTS\GRAPHICS-TAR1_20130731\GRAPHICS-TAR1\FIRST EXAMPLE\DEBUG\MENUBUTTONTREE.OBJ
C:\USERS\SZ\DOCUMENTS\VISUAL STUDIO 2012\PROJECTS\GRAPHICS-TAR1_20130731\GRAPHICS-TAR1\FIRST EXAMPLE\DEBUG\MENUBUTTONVALLEY.OBJ
C:\USERS\SZ\DOCUMENTS\VISUAL STUDIO 2012\PROJECTS\GRAPHICS-TAR1_20130731\GRAPHICS-TAR1\FIRST EXAMPLE\DEBUG\POINT.OBJ
C:\USERS\SZ\DOCUMENTS\VISUAL STUDIO 2012\PROJECTS\GRAPHICS-TAR1_20130731\GRAPHICS-TAR1\FIRST EXAMPLE\DEBUG\ROAD.OBJ
C:\USERS\SZ\DOCUMENTS\VISUAL STUDIO 2012\PROJECTS\GRAPHICS-TAR1_20130731\GRAPHICS-TAR1\FIRST EXAMPLE\DEBUG\SIMCITY.OBJ
C:\USERS\SZ\DOCUMENTS\VISUAL STUDIO 2012\PROJECTS\GRAPHICS-TAR1_20130731\GRAPHICS-TAR1\FIRST EXAMPLE\DEBUG\TREE.OBJ
C:\USERS\SZ\DOCUMENTS\VISUAL STUDIO 2012\PROJECTS\GRAPHICS-TAR1_20130731\GRAPHICS-TAR1\FIRST EXAMPLE\DEBUG\VALLEY.OBJ
C:\USERS\SZ\DOCUMENTS\VISUAL STUDIO 2012\PROJECTS\GRAPHICS-TAR1_20130731\GRAPHICS-TAR1\FIRST EXAMPLE\DEBUG\VC110.PDB
C:\USERS\SZ\DOCUMENTS\VISUAL STUDIO 2012\PROJECTS\GRAPHICS-TAR1_20130731\GRAPHICS-TAR1\DEBUG\FIRST EXAMPLE.ILK
C:\USERS\SZ\DOCUMENTS\VISUAL STUDIO 2012\PROJECTS\GRAPHICS-TAR1_20130731\GRAPHICS-TAR1\DEBUG\FIRST EXAMPLE.EXE
C:\USERS\SZ\DOCUMENTS\VISUAL STUDIO 2012\PROJECTS\GRAPHICS-TAR1_20130731\GRAPHICS-TAR1\DEBUG\FIRST EXAMPLE.PDB
C:\Users\SZ\Documents\Visual Studio 2012\Projects\graphics-tar1_20130731\graphics-tar1\first example\Debug\Field.obj
C:\Users\SZ\Documents\Visual Studio 2012\Projects\graphics-tar1_20130731\graphics-tar1\first example\Debug\FieldObject.obj
C:\Users\SZ\Documents\Visual Studio 2012\Projects\graphics-tar1_20130731\graphics-tar1\first example\Debug\first.obj
C:\Users\SZ\Documents\Visual Studio 2012\Projects\graphics-tar1_20130731\graphics-tar1\first example\Debug\Hill.obj
C:\Users\SZ\Documents\Visual Studio 2012\Projects\graphics-tar1_20130731\graphics-tar1\first example\Debug\Menu.obj
C:\Users\SZ\Documents\Visual Studio 2012\Projects\graphics-tar1_20130731\graphics-tar1\first example\Debug\MenuButton.obj
C:\Users\SZ\Documents\Visual Studio 2012\Projects\graphics-tar1_20130731\graphics-tar1\first example\Debug\MenuButtonHill.obj
C:\Users\SZ\Documents\Visual Studio 2012\Projects\graphics-tar1_20130731\graphics-tar1\first example\Debug\MenuButtonRoad.obj
C:\Users\SZ\Documents\Visual Studio 2012\Projects\graphics-tar1_20130731\graphics-tar1\first example\Debug\MenuButtonTree.obj
C:\Users\SZ\Documents\Visual Studio 2012\Projects\graphics-tar1_20130731\graphics-tar1\first example\Debug\MenuButtonValley.obj
C:\Users\SZ\Documents\Visual Studio 2012\Projects\graphics-tar1_20130731\graphics-tar1\first example\Debug\Point.obj
C:\Users\SZ\Documents\Visual Studio 2012\Projects\graphics-tar1_20130731\graphics-tar1\first example\Debug\Road.obj
C:\Users\SZ\Documents\Visual Studio 2012\Projects\graphics-tar1_20130731\graphics-tar1\first example\Debug\SimCity.obj
C:\Users\SZ\Documents\Visual Studio 2012\Projects\graphics-tar1_20130731\graphics-tar1\first example\Debug\Tree.obj
C:\Users\SZ\Documents\Visual Studio 2012\Projects\graphics-tar1_20130731\graphics-tar1\first example\Debug\Valley.obj
C:\Users\SZ\Documents\Visual Studio 2012\Projects\graphics-tar1_20130731\graphics-tar1\first example\Debug\cl.command.1.tlog
C:\Users\SZ\Documents\Visual Studio 2012\Projects\graphics-tar1_20130731\graphics-tar1\first example\Debug\CL.read.1.tlog
C:\Users\SZ\Documents\Visual Studio 2012\Projects\graphics-tar1_20130731\graphics-tar1\first example\Debug\CL.write.1.tlog
C:\Users\SZ\Documents\Visual Studio 2012\Projects\graphics-tar1_20130731\graphics-tar1\first example\Debug\link-cvtres.read.1.tlog
C:\Users\SZ\Documents\Visual Studio 2012\Projects\graphics-tar1_20130731\graphics-tar1\first example\Debug\link-cvtres.write.1.tlog
C:\Users\SZ\Documents\Visual Studio 2012\Projects\graphics-tar1_20130731\graphics-tar1\first example\Debug\link-rc.read.1.tlog
C:\Users\SZ\Documents\Visual Studio 2012\Projects\graphics-tar1_20130731\graphics-tar1\first example\Debug\link-rc.write.1.tlog
C:\Users\SZ\Documents\Visual Studio 2012\Projects\graphics-tar1_20130731\graphics-tar1\first example\Debug\link.command.1.tlog
C:\Users\SZ\Documents\Visual Studio 2012\Projects\graphics-tar1_20130731\graphics-tar1\first example\Debug\link.read.1.tlog
C:\Users\SZ\Documents\Visual Studio 2012\Projects\graphics-tar1_20130731\graphics-tar1\first example\Debug\link.write.1.tlog
C:\Users\SZ\Documents\Visual Studio 2012\Projects\graphics-tar1_20130731\graphics-tar1\first example\Debug\vc110.idb
C:\Users\SZ\Documents\Visual Studio 2012\Projects\graphics-tar1_20130731\graphics-tar1\first example\Debug\vc110.pdb
C:\Users\SZ\Documents\Visual Studio 2012\Projects\graphics-tar1_20130731\graphics-tar1\Debug\first example.pdb
C:\Users\SZ\Documents\Visual Studio 2012\Projects\graphics-tar1_20130731\graphics-tar1\Debug\first example.exe
C:\Users\SZ\Documents\Visual Studio 2012\Projects\graphics-tar1_20130731\graphics-tar1\Debug\first example.ilk
