C:\USERS\SZ\DOCUMENTS\VISUAL STUDIO 2012\PROJECTS\SIMCITY\SIMCITY\FIRST EXAMPLE\DEBUG\MENUBUTTONHOUSE.OBJ
C:\USERS\SZ\DOCUMENTS\VISUAL STUDIO 2012\PROJECTS\SIMCITY\SIMCITY\FIRST EXAMPLE\DEBUG\MENUBUTTONSETCAMERA.OBJ
C:\USERS\SZ\DOCUMENTS\VISUAL STUDIO 2012\PROJECTS\SIMCITY\SIMCITY\FIRST EXAMPLE\DEBUG\PLANE.OBJ
C:\USERS\SZ\DOCUMENTS\VISUAL STUDIO 2012\PROJECTS\SIMCITY\SIMCITY\FIRST EXAMPLE\DEBUG\VEHICLE.OBJ
C:\USERS\SZ\DOCUMENTS\VISUAL STUDIO 2012\PROJECTS\SIMCITY\SIMCITY\FIRST EXAMPLE\DEBUG\FIRST_OLD.OBJ
C:\USERS\SZ\DOCUMENTS\VISUAL STUDIO 2012\PROJECTS\SIMCITY\SIMCITY\FIRST EXAMPLE\DEBUG\HILL.OBJ
C:\USERS\SZ\DOCUMENTS\VISUAL STUDIO 2012\PROJECTS\SIMCITY\SIMCITY\FIRST EXAMPLE\DEBUG\MENU.OBJ
C:\USERS\SZ\DOCUMENTS\VISUAL STUDIO 2012\PROJECTS\SIMCITY\SIMCITY\FIRST EXAMPLE\DEBUG\MENUBUTTON.OBJ
C:\USERS\SZ\DOCUMENTS\VISUAL STUDIO 2012\PROJECTS\SIMCITY\SIMCITY\FIRST EXAMPLE\DEBUG\MENUBUTTONHILL.OBJ
C:\USERS\SZ\DOCUMENTS\VISUAL STUDIO 2012\PROJECTS\SIMCITY\SIMCITY\FIRST EXAMPLE\DEBUG\MENUBUTTONROAD.OBJ
C:\USERS\SZ\DOCUMENTS\VISUAL STUDIO 2012\PROJECTS\SIMCITY\SIMCITY\FIRST EXAMPLE\DEBUG\MENUBUTTONTREE.OBJ
C:\USERS\SZ\DOCUMENTS\VISUAL STUDIO 2012\PROJECTS\SIMCITY\SIMCITY\FIRST EXAMPLE\DEBUG\MENUBUTTONVALLEY.OBJ
C:\USERS\SZ\DOCUMENTS\VISUAL STUDIO 2012\PROJECTS\SIMCITY\SIMCITY\FIRST EXAMPLE\DEBUG\POINT.OBJ
C:\USERS\SZ\DOCUMENTS\VISUAL STUDIO 2012\PROJECTS\SIMCITY\SIMCITY\FIRST EXAMPLE\DEBUG\ROAD.OBJ
C:\USERS\SZ\DOCUMENTS\VISUAL STUDIO 2012\PROJECTS\SIMCITY\SIMCITY\FIRST EXAMPLE\DEBUG\SIMCITY.OBJ
C:\USERS\SZ\DOCUMENTS\VISUAL STUDIO 2012\PROJECTS\SIMCITY\SIMCITY\FIRST EXAMPLE\DEBUG\TREE.OBJ
C:\USERS\SZ\DOCUMENTS\VISUAL STUDIO 2012\PROJECTS\SIMCITY\SIMCITY\FIRST EXAMPLE\DEBUG\VALLEY.OBJ
C:\USERS\SZ\DOCUMENTS\VISUAL STUDIO 2012\PROJECTS\SIMCITY\SIMCITY\FIRST EXAMPLE\DEBUG\_FIRST2.OBJ
C:\USERS\SZ\DOCUMENTS\VISUAL STUDIO 2012\PROJECTS\SIMCITY\SIMCITY\FIRST EXAMPLE\DEBUG\__FIRST_OF_OOP.OBJ
C:\USERS\SZ\DOCUMENTS\VISUAL STUDIO 2012\PROJECTS\SIMCITY\SIMCITY\FIRST EXAMPLE\DEBUG\FIELD.OBJ
C:\USERS\SZ\DOCUMENTS\VISUAL STUDIO 2012\PROJECTS\SIMCITY\SIMCITY\FIRST EXAMPLE\DEBUG\FIELDOBJECT.OBJ
C:\USERS\SZ\DOCUMENTS\VISUAL STUDIO 2012\PROJECTS\SIMCITY\SIMCITY\FIRST EXAMPLE\DEBUG\HOUSE.OBJ
C:\USERS\SZ\DOCUMENTS\VISUAL STUDIO 2012\PROJECTS\SIMCITY\SIMCITY\FIRST EXAMPLE\DEBUG\VC110.PDB
C:\USERS\SZ\DOCUMENTS\VISUAL STUDIO 2012\PROJECTS\SIMCITY\SIMCITY\FIRST EXAMPLE\DEBUG\MENUBUTTONCITY.OBJ
C:\USERS\SZ\DOCUMENTS\VISUAL STUDIO 2012\PROJECTS\SIMCITY\SIMCITY\FIRST EXAMPLE\DEBUG\_FIRST.OBJ
C:\USERS\SZ\DOCUMENTS\VISUAL STUDIO 2012\PROJECTS\SIMCITY\SIMCITY\DEBUG\JULY.ILK
C:\USERS\SZ\DOCUMENTS\VISUAL STUDIO 2012\PROJECTS\SIMCITY\SIMCITY\DEBUG\JULY.EXE
C:\USERS\SZ\DOCUMENTS\VISUAL STUDIO 2012\PROJECTS\SIMCITY\SIMCITY\DEBUG\JULY.PDB
C:\Users\User\Documents\Visual Studio 2012\Projects\SimCity\first example\Debug\Field.obj
C:\Users\User\Documents\Visual Studio 2012\Projects\SimCity\first example\Debug\FieldObject.obj
C:\Users\User\Documents\Visual Studio 2012\Projects\SimCity\first example\Debug\first_old.obj
C:\Users\User\Documents\Visual Studio 2012\Projects\SimCity\first example\Debug\Hill.obj
C:\Users\User\Documents\Visual Studio 2012\Projects\SimCity\first example\Debug\House.obj
C:\Users\User\Documents\Visual Studio 2012\Projects\SimCity\first example\Debug\Menu.obj
C:\Users\User\Documents\Visual Studio 2012\Projects\SimCity\first example\Debug\MenuButton.obj
C:\Users\User\Documents\Visual Studio 2012\Projects\SimCity\first example\Debug\MenuButtonCity.obj
C:\Users\User\Documents\Visual Studio 2012\Projects\SimCity\first example\Debug\MenuButtonHill.obj
C:\Users\User\Documents\Visual Studio 2012\Projects\SimCity\first example\Debug\MenuButtonHouse.obj
C:\Users\User\Documents\Visual Studio 2012\Projects\SimCity\first example\Debug\MenuButtonRoad.obj
C:\Users\User\Documents\Visual Studio 2012\Projects\SimCity\first example\Debug\MenuButtonSetCamera.obj
C:\Users\User\Documents\Visual Studio 2012\Projects\SimCity\first example\Debug\MenuButtonTree.obj
C:\Users\User\Documents\Visual Studio 2012\Projects\SimCity\first example\Debug\MenuButtonValley.obj
C:\Users\User\Documents\Visual Studio 2012\Projects\SimCity\first example\Debug\Plane.obj
C:\Users\User\Documents\Visual Studio 2012\Projects\SimCity\first example\Debug\Point.obj
C:\Users\User\Documents\Visual Studio 2012\Projects\SimCity\first example\Debug\Road.obj
C:\Users\User\Documents\Visual Studio 2012\Projects\SimCity\first example\Debug\SimCity.obj
C:\Users\User\Documents\Visual Studio 2012\Projects\SimCity\first example\Debug\Tree.obj
C:\Users\User\Documents\Visual Studio 2012\Projects\SimCity\first example\Debug\Valley.obj
C:\Users\User\Documents\Visual Studio 2012\Projects\SimCity\first example\Debug\Vehicle.obj
C:\Users\User\Documents\Visual Studio 2012\Projects\SimCity\first example\Debug\_first.obj
C:\Users\User\Documents\Visual Studio 2012\Projects\SimCity\first example\Debug\_first2.obj
C:\Users\User\Documents\Visual Studio 2012\Projects\SimCity\first example\Debug\__first_of_oop.obj
C:\Users\User\Documents\Visual Studio 2012\Projects\SimCity\first example\Debug\cl.command.1.tlog
C:\Users\User\Documents\Visual Studio 2012\Projects\SimCity\first example\Debug\CL.read.1.tlog
C:\Users\User\Documents\Visual Studio 2012\Projects\SimCity\first example\Debug\CL.write.1.tlog
C:\Users\User\Documents\Visual Studio 2012\Projects\SimCity\first example\Debug\link-cvtres.read.1.tlog
C:\Users\User\Documents\Visual Studio 2012\Projects\SimCity\first example\Debug\link-cvtres.write.1.tlog
C:\Users\User\Documents\Visual Studio 2012\Projects\SimCity\first example\Debug\link-rc.read.1.tlog
C:\Users\User\Documents\Visual Studio 2012\Projects\SimCity\first example\Debug\link-rc.write.1.tlog
C:\Users\User\Documents\Visual Studio 2012\Projects\SimCity\first example\Debug\link.2464-cvtres.read.1.tlog
C:\Users\User\Documents\Visual Studio 2012\Projects\SimCity\first example\Debug\link.2464-cvtres.write.1.tlog
C:\Users\User\Documents\Visual Studio 2012\Projects\SimCity\first example\Debug\link.2464-rc.read.1.tlog
C:\Users\User\Documents\Visual Studio 2012\Projects\SimCity\first example\Debug\link.2464-rc.write.1.tlog
C:\Users\User\Documents\Visual Studio 2012\Projects\SimCity\first example\Debug\link.2464.read.1.tlog
C:\Users\User\Documents\Visual Studio 2012\Projects\SimCity\first example\Debug\link.2464.write.1.tlog
C:\Users\User\Documents\Visual Studio 2012\Projects\SimCity\first example\Debug\link.5864-cvtres.read.1.tlog
C:\Users\User\Documents\Visual Studio 2012\Projects\SimCity\first example\Debug\link.5864-cvtres.write.1.tlog
C:\Users\User\Documents\Visual Studio 2012\Projects\SimCity\first example\Debug\link.5864-rc.read.1.tlog
C:\Users\User\Documents\Visual Studio 2012\Projects\SimCity\first example\Debug\link.5864-rc.write.1.tlog
C:\Users\User\Documents\Visual Studio 2012\Projects\SimCity\first example\Debug\link.5864.read.1.tlog
C:\Users\User\Documents\Visual Studio 2012\Projects\SimCity\first example\Debug\link.5864.write.1.tlog
C:\Users\User\Documents\Visual Studio 2012\Projects\SimCity\first example\Debug\link.6080-cvtres.read.1.tlog
C:\Users\User\Documents\Visual Studio 2012\Projects\SimCity\first example\Debug\link.6080-cvtres.write.1.tlog
C:\Users\User\Documents\Visual Studio 2012\Projects\SimCity\first example\Debug\link.6080-rc.read.1.tlog
C:\Users\User\Documents\Visual Studio 2012\Projects\SimCity\first example\Debug\link.6080-rc.write.1.tlog
C:\Users\User\Documents\Visual Studio 2012\Projects\SimCity\first example\Debug\link.6080.read.1.tlog
C:\Users\User\Documents\Visual Studio 2012\Projects\SimCity\first example\Debug\link.6080.write.1.tlog
C:\Users\User\Documents\Visual Studio 2012\Projects\SimCity\first example\Debug\link.828-cvtres.read.1.tlog
C:\Users\User\Documents\Visual Studio 2012\Projects\SimCity\first example\Debug\link.828-cvtres.write.1.tlog
C:\Users\User\Documents\Visual Studio 2012\Projects\SimCity\first example\Debug\link.828-rc.read.1.tlog
C:\Users\User\Documents\Visual Studio 2012\Projects\SimCity\first example\Debug\link.828-rc.write.1.tlog
C:\Users\User\Documents\Visual Studio 2012\Projects\SimCity\first example\Debug\link.828.read.1.tlog
C:\Users\User\Documents\Visual Studio 2012\Projects\SimCity\first example\Debug\link.828.write.1.tlog
C:\Users\User\Documents\Visual Studio 2012\Projects\SimCity\first example\Debug\link.command.1.tlog
C:\Users\User\Documents\Visual Studio 2012\Projects\SimCity\first example\Debug\link.read.1.tlog
C:\Users\User\Documents\Visual Studio 2012\Projects\SimCity\first example\Debug\link.write.1.tlog
C:\Users\User\Documents\Visual Studio 2012\Projects\SimCity\first example\Debug\vc110.idb
C:\Users\User\Documents\Visual Studio 2012\Projects\SimCity\first example\Debug\vc110.pdb
C:\Users\User\Documents\Visual Studio 2012\Projects\SimCity\Debug\july.pdb
C:\Users\User\Documents\Visual Studio 2012\Projects\SimCity\Debug\july.exe
C:\Users\User\Documents\Visual Studio 2012\Projects\SimCity\Debug\july.ilk
